#
# There is insufficient memory for the Java Runtime Environment to continue.
# Native memory allocation (malloc) failed to allocate 1048576 bytes for AllocateHeap
# Possible reasons:
#   The system is out of physical RAM or swap space
#   The process is running with CompressedOops enabled, and the Java Heap may be blocking the growth of the native heap
# Possible solutions:
#   Reduce memory load on the system
#   Increase physical memory or swap space
#   Check if swap backing store is full
#   Decrease Java heap size (-Xmx/-Xms)
#   Decrease number of Java threads
#   Decrease Java thread stack sizes (-Xss)
#   Set larger code cache with -XX:ReservedCodeCacheSize=
#   JVM is running with Unscaled Compressed Oops mode in which the Java heap is
#     placed in the first 4GB address space. The Java Heap base address is the
#     maximum limit for the native heap growth. Please use -XX:HeapBaseMinAddress
#     to set the Java Heap base and to place the Java Heap above 4GB virtual address.
# This output file may be truncated or incomplete.
#
#  Out of Memory Error (./open/src/hotspot/share/memory/allocation.cpp:44), pid=11436, tid=9784
#
# JRE version: Java(TM) SE Runtime Environment (15.0.2+7) (build 15.0.2+7-27)
# Java VM: Java HotSpot(TM) 64-Bit Server VM (15.0.2+7-27, mixed mode, sharing, tiered, compressed oops, g1 gc, windows-amd64)
# No core dump will be written. Minidumps are not enabled by default on client versions of Windows
#

---------------  S U M M A R Y ------------

Command Line: -XX:TieredStopAtLevel=1 -Xverify:none -XX:TieredStopAtLevel=1 com.game.g8.sa.reto3grupo8.Reto3grupo8Application

Host: Intel(R) Core(TM) i3-7020U CPU @ 2.30GHz, 4 cores, 7G,  Windows 10 , 64 bit Build 19041 (10.0.19041.1202)
Time: Sun Oct 17 23:57:55 2021 Hora est. Pacífico, Sudamérica elapsed time: 1.952501 seconds (0d 0h 0m 1s)

---------------  T H R E A D  ---------------

Current thread (0x0000028d7ec91d10):  VMThread "VM Thread" [stack: 0x0000009f9a000000,0x0000009f9a100000] [id=9784]

Stack: [0x0000009f9a000000,0x0000009f9a100000]
[error occurred during error reporting (printing stack bounds), id 0xc0000005, EXCEPTION_ACCESS_VIOLATION (0xc0000005) at pc=0x0000028d081610ad]

Native frames: (J=compiled Java code, j=interpreted, Vv=VM code, C=native code)
V  [jvm.dll+0x62ae9a]
V  [jvm.dll+0x7817a9]
V  [jvm.dll+0x782f03]
V  [jvm.dll+0x7834c5]
V  [jvm.dll+0x78347b]
V  [jvm.dll+0x62a2b9]
V  [jvm.dll+0x62aa88]
C  [ntdll.dll+0xa20cf]
C  [ntdll.dll+0x51454]
C  [ntdll.dll+0xa0bfe]
C  0x0000028d081610ad

VM_Operation (0x0000009f9affb8b0): CollectForMetadataAllocation, mode: safepoint, requested by thread 0x0000028d1949b160


---------------  P R O C E S S  ---------------

Threads class SMR info:
_java_thread_list=0x0000028d19e6ad60, length=12, elements={
0x0000028d79b9db40, 0x0000028d7ec96c60, 0x0000028d7ec97ee0, 0x0000028d7ecb08d0,
0x0000028d7ecb51b0, 0x0000028d7ecb7220, 0x0000028d7ecba440, 0x0000028d7ecbf280,
0x0000028d7f6e2370, 0x0000028d7f6ecd20, 0x0000028d194d9750, 0x0000028d1949b160
}

Java Threads: ( => current thread )
  0x0000028d79b9db40 JavaThread "main" [_thread_blocked, id=12392, stack(0x0000009f99a00000,0x0000009f99b00000)]
  0x0000028d7ec96c60 JavaThread "Reference Handler" daemon [_thread_blocked, id=2796, stack(0x0000009f9a100000,0x0000009f9a200000)]
  0x0000028d7ec97ee0 JavaThread "Finalizer" daemon [_thread_blocked, id=8676, stack(0x0000009f9a200000,0x0000009f9a300000)]
  0x0000028d7ecb08d0 JavaThread "Signal Dispatcher" daemon [_thread_blocked, id=11280, stack(0x0000009f9a300000,0x0000009f9a400000)]
  0x0000028d7ecb51b0 JavaThread "Attach Listener" daemon [_thread_blocked, id=7440, stack(0x0000009f9a400000,0x0000009f9a500000)]
  0x0000028d7ecb7220 JavaThread "Service Thread" daemon [_thread_blocked, id=9604, stack(0x0000009f9a500000,0x0000009f9a600000)]
  0x0000028d7ecba440 JavaThread "C1 CompilerThread0" daemon [_thread_blocked, id=12768, stack(0x0000009f9a600000,0x0000009f9a700000)]
  0x0000028d7ecbf280 JavaThread "Sweeper thread" daemon [_thread_blocked, id=11096, stack(0x0000009f9a700000,0x0000009f9a800000)]
  0x0000028d7f6e2370 JavaThread "Notification Thread" daemon [_thread_blocked, id=1376, stack(0x0000009f9a800000,0x0000009f9a900000)]
  0x0000028d7f6ecd20 JavaThread "Common-Cleaner" daemon [_thread_blocked, id=12696, stack(0x0000009f9aa00000,0x0000009f9ab00000)]
  0x0000028d194d9750 JavaThread "Thread-0" [_thread_blocked, id=4944, stack(0x0000009f9ae00000,0x0000009f9af00000)]
  0x0000028d1949b160 JavaThread "restartedMain" [_thread_blocked, id=7032, stack(0x0000009f9af00000,0x0000009f9b000000)]

Other Threads:
=>0x0000028d7ec91d10 VMThread "VM Thread" [stack: 0x0000009f9a000000,0x0000009f9a100000] [id=9784]
  0x0000028d7f6e6850 WatcherThread [stack: 0x0000009f9a900000,0x0000009f9aa00000] [id=2724]
  0x0000028d79bdcaa0 GCTaskThread "GC Thread#0" [stack: 0x0000009f99b00000,0x0000009f99c00000] [id=12580]
  0x0000028d194c7350 GCTaskThread "GC Thread#1" [stack: 0x0000009f9ab00000,0x0000009f9ac00000] [id=12688]
  0x0000028d194c8cd0 GCTaskThread "GC Thread#2" [stack: 0x0000009f9ac00000,0x0000009f9ad00000] [id=1396]
  0x0000028d194c79b0 GCTaskThread "GC Thread#3" [stack: 0x0000009f9b100000,0x0000009f9b200000] [id=3120]
  0x0000028d79bed930 ConcurrentGCThread "G1 Main Marker" [stack: 0x0000009f99c00000,0x0000009f99d00000] [id=10036]
  0x0000028d79beecc0 ConcurrentGCThread "G1 Conc#0" [stack: 0x0000009f99d00000,0x0000009f99e00000] [id=2592]
  0x0000028d79c66140 ConcurrentGCThread "G1 Refine#0" [stack: 0x0000009f99e00000,0x0000009f99f00000] [id=1244]
  0x0000028d194c0280 ConcurrentGCThread "G1 Refine#1" [stack: 0x0000009f9ad00000,0x0000009f9ae00000] [id=1636]
  0x0000028d79c66d40 ConcurrentGCThread "G1 Young RemSet Sampling" [stack: 0x0000009f99f00000,0x0000009f9a000000] [id=7728]

Threads with active compile tasks:
C1 CompilerThread0     2023 2560       1       org.springframework.core.ResolvableType::isAssignableFrom (407 bytes)

VM state: at safepoint (normal execution)

VM Mutex/Monitor currently owned by a thread:  ([mutex/lock_event])
[0x0000028d79b993f0] Threads_lock - owner thread: 0x0000028d7ec91d10
[0x0000028d79b98c10] Heap_lock - owner thread: 0x0000028d1949b160

Heap address: 0x0000000081600000, size: 2026 MB, Compressed Oops mode: 32-bit
CDS archive(s) mapped at: [0x0000000800000000-0x0000000800b50000-0x0000000800b50000), size 11862016, SharedBaseAddress: 0x0000000800000000, ArchiveRelocationMode: 0.
Compressed class space mapped at: 0x0000000800b50000-0x0000000840b50000, size: 1073741824
Narrow klass base: 0x0000000800000000, Narrow klass shift: 3, Narrow klass range: 0x100000000

GC Precious Log:
 CPUs: 4 total, 4 available
 Memory: 8101M
 Large Page Support: Disabled
 NUMA Support: Disabled
 Compressed Oops: Enabled (32-bit)
 Heap Region Size: 1M
 Heap Min Capacity: 8M
 Heap Initial Capacity: 128M
 Heap Max Capacity: 2026M
 Pre-touch: Disabled
 Parallel Workers: 4
 Concurrent Workers: 1
 Concurrent Refinement Workers: 4
 Periodic GC: Disabled

Heap:
 garbage-first heap   total 131072K, used 10767K [0x0000000081600000, 0x0000000100000000)
  region size 1024K, 5 young (5120K), 5 survivors (5120K)
 Metaspace       used 14918K, capacity 16186K, committed 16256K, reserved 1075200K
  class space    used 1967K, capacity 2106K, committed 2176K, reserved 1048576K

Heap Regions: E=young(eden), S=young(survivor), O=old, HS=humongous(starts), HC=humongous(continues), CS=collection set, F=free, OA=open archive, CA=closed archive, TAMS=top-at-mark-start (previous, next)
|   0|0x0000000081600000, 0x0000000081700000, 0x0000000081700000|100%|HS|  |TAMS 0x0000000081600000, 0x0000000081700000| Complete 
|   1|0x0000000081700000, 0x0000000081800000, 0x0000000081800000|100%| O|  |TAMS 0x0000000081700000, 0x0000000081800000| Untracked 
|   2|0x0000000081800000, 0x0000000081900000, 0x0000000081900000|100%| O|  |TAMS 0x0000000081800000, 0x0000000081900000| Untracked 
|   3|0x0000000081900000, 0x0000000081a00000, 0x0000000081a00000|100%| O|  |TAMS 0x0000000081900000, 0x0000000081a00000| Untracked 
|   4|0x0000000081a00000, 0x0000000081b00000, 0x0000000081b00000|100%| O|  |TAMS 0x0000000081a00000, 0x0000000081b00000| Untracked 
|   5|0x0000000081b00000, 0x0000000081bbd000, 0x0000000081c00000| 73%| O|  |TAMS 0x0000000081b00000, 0x0000000081bbd000| Untracked 
|   6|0x0000000081c00000, 0x0000000081c00000, 0x0000000081d00000|  0%| F|  |TAMS 0x0000000081c00000, 0x0000000081c00000| Untracked 
|   7|0x0000000081d00000, 0x0000000081d00000, 0x0000000081e00000|  0%| F|  |TAMS 0x0000000081d00000, 0x0000000081d00000| Untracked 
|   8|0x0000000081e00000, 0x0000000081e00000, 0x0000000081f00000|  0%| F|  |TAMS 0x0000000081e00000, 0x0000000081e00000| Untracked 
|   9|0x0000000081f00000, 0x0000000081f00000, 0x0000000082000000|  0%| F|  |TAMS 0x0000000081f00000, 0x0000000081f00000| Untracked 
|  10|0x0000000082000000, 0x0000000082000000, 0x0000000082100000|  0%| F|  |TAMS 0x0000000082000000, 0x0000000082000000| Untracked 
|  11|0x0000000082100000, 0x0000000082100000, 0x0000000082200000|  0%| F|  |TAMS 0x0000000082100000, 0x0000000082100000| Untracked 
|  12|0x0000000082200000, 0x0000000082200000, 0x0000000082300000|  0%| F|  |TAMS 0x0000000082200000, 0x0000000082200000| Untracked 
|  13|0x0000000082300000, 0x0000000082300000, 0x0000000082400000|  0%| F|  |TAMS 0x0000000082300000, 0x0000000082300000| Untracked 
|  14|0x0000000082400000, 0x0000000082400000, 0x0000000082500000|  0%| F|  |TAMS 0x0000000082400000, 0x0000000082400000| Untracked 
|  15|0x0000000082500000, 0x0000000082500000, 0x0000000082600000|  0%| F|  |TAMS 0x0000000082500000, 0x0000000082500000| Untracked 
|  16|0x0000000082600000, 0x0000000082600000, 0x0000000082700000|  0%| F|  |TAMS 0x0000000082600000, 0x0000000082600000| Untracked 
|  17|0x0000000082700000, 0x0000000082700000, 0x0000000082800000|  0%| F|  |TAMS 0x0000000082700000, 0x0000000082700000| Untracked 
|  18|0x0000000082800000, 0x0000000082800000, 0x0000000082900000|  0%| F|  |TAMS 0x0000000082800000, 0x0000000082800000| Untracked 
|  19|0x0000000082900000, 0x0000000082900000, 0x0000000082a00000|  0%| F|  |TAMS 0x0000000082900000, 0x0000000082900000| Untracked 
|  20|0x0000000082a00000, 0x0000000082a00000, 0x0000000082b00000|  0%| F|  |TAMS 0x0000000082a00000, 0x0000000082a00000| Untracked 
|  21|0x0000000082b00000, 0x0000000082b00000, 0x0000000082c00000|  0%| F|  |TAMS 0x0000000082b00000, 0x0000000082b00000| Untracked 
|  22|0x0000000082c00000, 0x0000000082c00000, 0x0000000082d00000|  0%| F|  |TAMS 0x0000000082c00000, 0x0000000082c00000| Untracked 
|  23|0x0000000082d00000, 0x0000000082d00000, 0x0000000082e00000|  0%| F|  |TAMS 0x0000000082d00000, 0x0000000082d00000| Untracked 
|  24|0x0000000082e00000, 0x0000000082e00000, 0x0000000082f00000|  0%| F|  |TAMS 0x0000000082e00000, 0x0000000082e00000| Untracked 
|  25|0x0000000082f00000, 0x0000000082f00000, 0x0000000083000000|  0%| F|  |TAMS 0x0000000082f00000, 0x0000000082f00000| Untracked 
|  26|0x0000000083000000, 0x0000000083000000, 0x0000000083100000|  0%| F|  |TAMS 0x0000000083000000, 0x0000000083000000| Untracked 
|  27|0x0000000083100000, 0x0000000083100000, 0x0000000083200000|  0%| F|  |TAMS 0x0000000083100000, 0x0000000083100000| Untracked 
|  28|0x0000000083200000, 0x0000000083200000, 0x0000000083300000|  0%| F|  |TAMS 0x0000000083200000, 0x0000000083200000| Untracked 
|  29|0x0000000083300000, 0x0000000083300000, 0x0000000083400000|  0%| F|  |TAMS 0x0000000083300000, 0x0000000083300000| Untracked 
|  30|0x0000000083400000, 0x0000000083400000, 0x0000000083500000|  0%| F|  |TAMS 0x0000000083400000, 0x0000000083400000| Untracked 
|  31|0x0000000083500000, 0x0000000083500000, 0x0000000083600000|  0%| F|  |TAMS 0x0000000083500000, 0x0000000083500000| Untracked 
|  32|0x0000000083600000, 0x0000000083600000, 0x0000000083700000|  0%| F|  |TAMS 0x0000000083600000, 0x0000000083600000| Untracked 
|  33|0x0000000083700000, 0x0000000083700000, 0x0000000083800000|  0%| F|  |TAMS 0x0000000083700000, 0x0000000083700000| Untracked 
|  34|0x0000000083800000, 0x0000000083800000, 0x0000000083900000|  0%| F|  |TAMS 0x0000000083800000, 0x0000000083800000| Untracked 
|  35|0x0000000083900000, 0x0000000083900000, 0x0000000083a00000|  0%| F|  |TAMS 0x0000000083900000, 0x0000000083900000| Untracked 
|  36|0x0000000083a00000, 0x0000000083a00000, 0x0000000083b00000|  0%| F|  |TAMS 0x0000000083a00000, 0x0000000083a00000| Untracked 
|  37|0x0000000083b00000, 0x0000000083b00000, 0x0000000083c00000|  0%| F|  |TAMS 0x0000000083b00000, 0x0000000083b00000| Untracked 
|  38|0x0000000083c00000, 0x0000000083c00000, 0x0000000083d00000|  0%| F|  |TAMS 0x0000000083c00000, 0x0000000083c00000| Untracked 
|  39|0x0000000083d00000, 0x0000000083d00000, 0x0000000083e00000|  0%| F|  |TAMS 0x0000000083d00000, 0x0000000083d00000| Untracked 
|  40|0x0000000083e00000, 0x0000000083e00000, 0x0000000083f00000|  0%| F|  |TAMS 0x0000000083e00000, 0x0000000083e00000| Untracked 
|  41|0x0000000083f00000, 0x0000000083f00000, 0x0000000084000000|  0%| F|  |TAMS 0x0000000083f00000, 0x0000000083f00000| Untracked 
|  42|0x0000000084000000, 0x0000000084000000, 0x0000000084100000|  0%| F|  |TAMS 0x0000000084000000, 0x0000000084000000| Untracked 
|  43|0x0000000084100000, 0x0000000084100000, 0x0000000084200000|  0%| F|  |TAMS 0x0000000084100000, 0x0000000084100000| Untracked 
|  44|0x0000000084200000, 0x0000000084200000, 0x0000000084300000|  0%| F|  |TAMS 0x0000000084200000, 0x0000000084200000| Untracked 
|  45|0x0000000084300000, 0x0000000084300000, 0x0000000084400000|  0%| F|  |TAMS 0x0000000084300000, 0x0000000084300000| Untracked 
|  46|0x0000000084400000, 0x0000000084400000, 0x0000000084500000|  0%| F|  |TAMS 0x0000000084400000, 0x0000000084400000| Untracked 
|  47|0x0000000084500000, 0x0000000084500000, 0x0000000084600000|  0%| F|  |TAMS 0x0000000084500000, 0x0000000084500000| Untracked 
|  48|0x0000000084600000, 0x0000000084600000, 0x0000000084700000|  0%| F|  |TAMS 0x0000000084600000, 0x0000000084600000| Untracked 
|  49|0x0000000084700000, 0x0000000084700000, 0x0000000084800000|  0%| F|  |TAMS 0x0000000084700000, 0x0000000084700000| Untracked 
|  50|0x0000000084800000, 0x0000000084800000, 0x0000000084900000|  0%| F|  |TAMS 0x0000000084800000, 0x0000000084800000| Untracked 
|  51|0x0000000084900000, 0x0000000084900000, 0x0000000084a00000|  0%| F|  |TAMS 0x0000000084900000, 0x0000000084900000| Untracked 
|  52|0x0000000084a00000, 0x0000000084a00000, 0x0000000084b00000|  0%| F|  |TAMS 0x0000000084a00000, 0x0000000084a00000| Untracked 
|  53|0x0000000084b00000, 0x0000000084b00000, 0x0000000084c00000|  0%| F|  |TAMS 0x0000000084b00000, 0x0000000084b00000| Untracked 
|  54|0x0000000084c00000, 0x0000000084c00000, 0x0000000084d00000|  0%| F|  |TAMS 0x0000000084c00000, 0x0000000084c00000| Untracked 
|  55|0x0000000084d00000, 0x0000000084d00000, 0x0000000084e00000|  0%| F|  |TAMS 0x0000000084d00000, 0x0000000084d00000| Untracked 
|  56|0x0000000084e00000, 0x0000000084e00000, 0x0000000084f00000|  0%| F|  |TAMS 0x0000000084e00000, 0x0000000084e00000| Untracked 
|  57|0x0000000084f00000, 0x0000000084f00000, 0x0000000085000000|  0%| F|  |TAMS 0x0000000084f00000, 0x0000000084f00000| Untracked 
|  58|0x0000000085000000, 0x0000000085000000, 0x0000000085100000|  0%| F|  |TAMS 0x0000000085000000, 0x0000000085000000| Untracked 
|  59|0x0000000085100000, 0x0000000085100000, 0x0000000085200000|  0%| F|  |TAMS 0x0000000085100000, 0x0000000085100000| Untracked 
|  60|0x0000000085200000, 0x0000000085200000, 0x0000000085300000|  0%| F|  |TAMS 0x0000000085200000, 0x0000000085200000| Untracked 
|  61|0x0000000085300000, 0x0000000085300000, 0x0000000085400000|  0%| F|  |TAMS 0x0000000085300000, 0x0000000085300000| Untracked 
|  62|0x0000000085400000, 0x0000000085400000, 0x0000000085500000|  0%| F|  |TAMS 0x0000000085400000, 0x0000000085400000| Untracked 
|  63|0x0000000085500000, 0x0000000085500000, 0x0000000085600000|  0%| F|  |TAMS 0x0000000085500000, 0x0000000085500000| Untracked 
|  64|0x0000000085600000, 0x0000000085600000, 0x0000000085700000|  0%| F|  |TAMS 0x0000000085600000, 0x0000000085600000| Untracked 
|  65|0x0000000085700000, 0x0000000085700000, 0x0000000085800000|  0%| F|  |TAMS 0x0000000085700000, 0x0000000085700000| Untracked 
|  66|0x0000000085800000, 0x0000000085800000, 0x0000000085900000|  0%| F|  |TAMS 0x0000000085800000, 0x0000000085800000| Untracked 
|  67|0x0000000085900000, 0x0000000085900000, 0x0000000085a00000|  0%| F|  |TAMS 0x0000000085900000, 0x0000000085900000| Untracked 
|  68|0x0000000085a00000, 0x0000000085a00000, 0x0000000085b00000|  0%| F|  |TAMS 0x0000000085a00000, 0x0000000085a00000| Untracked 
|  69|0x0000000085b00000, 0x0000000085b00000, 0x0000000085c00000|  0%| F|  |TAMS 0x0000000085b00000, 0x0000000085b00000| Untracked 
|  70|0x0000000085c00000, 0x0000000085c00000, 0x0000000085d00000|  0%| F|  |TAMS 0x0000000085c00000, 0x0000000085c00000| Untracked 
|  71|0x0000000085d00000, 0x0000000085d00000, 0x0000000085e00000|  0%| F|  |TAMS 0x0000000085d00000, 0x0000000085d00000| Untracked 
|  72|0x0000000085e00000, 0x0000000085e00000, 0x0000000085f00000|  0%| F|  |TAMS 0x0000000085e00000, 0x0000000085e00000| Untracked 
|  73|0x0000000085f00000, 0x0000000085f00000, 0x0000000086000000|  0%| F|  |TAMS 0x0000000085f00000, 0x0000000085f00000| Untracked 
|  74|0x0000000086000000, 0x0000000086000000, 0x0000000086100000|  0%| F|  |TAMS 0x0000000086000000, 0x0000000086000000| Untracked 
|  75|0x0000000086100000, 0x0000000086100000, 0x0000000086200000|  0%| F|  |TAMS 0x0000000086100000, 0x0000000086100000| Untracked 
|  76|0x0000000086200000, 0x0000000086200000, 0x0000000086300000|  0%| F|  |TAMS 0x0000000086200000, 0x0000000086200000| Untracked 
|  77|0x0000000086300000, 0x0000000086300000, 0x0000000086400000|  0%| F|  |TAMS 0x0000000086300000, 0x0000000086300000| Untracked 
|  78|0x0000000086400000, 0x0000000086400000, 0x0000000086500000|  0%| F|  |TAMS 0x0000000086400000, 0x0000000086400000| Untracked 
|  79|0x0000000086500000, 0x0000000086500000, 0x0000000086600000|  0%| F|  |TAMS 0x0000000086500000, 0x0000000086500000| Untracked 
|  80|0x0000000086600000, 0x0000000086600000, 0x0000000086700000|  0%| F|  |TAMS 0x0000000086600000, 0x0000000086600000| Untracked 
|  81|0x0000000086700000, 0x0000000086700000, 0x0000000086800000|  0%| F|  |TAMS 0x0000000086700000, 0x0000000086700000| Untracked 
|  82|0x0000000086800000, 0x0000000086800000, 0x0000000086900000|  0%| F|  |TAMS 0x0000000086800000, 0x0000000086800000| Untracked 
|  83|0x0000000086900000, 0x0000000086900000, 0x0000000086a00000|  0%| F|  |TAMS 0x0000000086900000, 0x0000000086900000| Untracked 
|  84|0x0000000086a00000, 0x0000000086a00000, 0x0000000086b00000|  0%| F|  |TAMS 0x0000000086a00000, 0x0000000086a00000| Untracked 
|  85|0x0000000086b00000, 0x0000000086b00000, 0x0000000086c00000|  0%| F|  |TAMS 0x0000000086b00000, 0x0000000086b00000| Untracked 
|  86|0x0000000086c00000, 0x0000000086cc6c38, 0x0000000086d00000| 77%| S|CS|TAMS 0x0000000086c00000, 0x0000000086c00000| Complete 
|  87|0x0000000086d00000, 0x0000000086e00000, 0x0000000086e00000|100%| S|CS|TAMS 0x0000000086d00000, 0x0000000086d00000| Complete 
|  88|0x0000000086e00000, 0x0000000086f00000, 0x0000000086f00000|100%| S|CS|TAMS 0x0000000086e00000, 0x0000000086e00000| Complete 
|  89|0x0000000086f00000, 0x0000000087000000, 0x0000000087000000|100%| S|CS|TAMS 0x0000000086f00000, 0x0000000086f00000| Complete 
|  90|0x0000000087000000, 0x0000000087100000, 0x0000000087100000|100%| S|CS|TAMS 0x0000000087000000, 0x0000000087000000| Complete 
|  91|0x0000000087100000, 0x0000000087100000, 0x0000000087200000|  0%| F|  |TAMS 0x0000000087100000, 0x0000000087100000| Untracked 
|  92|0x0000000087200000, 0x0000000087200000, 0x0000000087300000|  0%| F|  |TAMS 0x0000000087200000, 0x0000000087200000| Untracked 
|  93|0x0000000087300000, 0x0000000087300000, 0x0000000087400000|  0%| F|  |TAMS 0x0000000087300000, 0x0000000087300000| Untracked 
|  94|0x0000000087400000, 0x0000000087400000, 0x0000000087500000|  0%| F|  |TAMS 0x0000000087400000, 0x0000000087400000| Untracked 
|  95|0x0000000087500000, 0x0000000087500000, 0x0000000087600000|  0%| F|  |TAMS 0x0000000087500000, 0x0000000087500000| Untracked 
|  96|0x0000000087600000, 0x0000000087600000, 0x0000000087700000|  0%| F|  |TAMS 0x0000000087600000, 0x0000000087600000| Untracked 
|  97|0x0000000087700000, 0x0000000087700000, 0x0000000087800000|  0%| F|  |TAMS 0x0000000087700000, 0x0000000087700000| Untracked 
|  98|0x0000000087800000, 0x0000000087800000, 0x0000000087900000|  0%| F|  |TAMS 0x0000000087800000, 0x0000000087800000| Untracked 
|  99|0x0000000087900000, 0x0000000087900000, 0x0000000087a00000|  0%| F|  |TAMS 0x0000000087900000, 0x0000000087900000| Untracked 
| 100|0x0000000087a00000, 0x0000000087a00000, 0x0000000087b00000|  0%| F|  |TAMS 0x0000000087a00000, 0x0000000087a00000| Untracked 
| 101|0x0000000087b00000, 0x0000000087b00000, 0x0000000087c00000|  0%| F|  |TAMS 0x0000000087b00000, 0x0000000087b00000| Untracked 
| 102|0x0000000087c00000, 0x0000000087c00000, 0x0000000087d00000|  0%| F|  |TAMS 0x0000000087c00000, 0x0000000087c00000| Untracked 
| 103|0x0000000087d00000, 0x0000000087d00000, 0x0000000087e00000|  0%| F|  |TAMS 0x0000000087d00000, 0x0000000087d00000| Untracked 
| 104|0x0000000087e00000, 0x0000000087e00000, 0x0000000087f00000|  0%| F|  |TAMS 0x0000000087e00000, 0x0000000087e00000| Untracked 
| 105|0x0000000087f00000, 0x0000000087f00000, 0x0000000088000000|  0%| F|  |TAMS 0x0000000087f00000, 0x0000000087f00000| Untracked 
| 106|0x0000000088000000, 0x0000000088000000, 0x0000000088100000|  0%| F|  |TAMS 0x0000000088000000, 0x0000000088000000| Untracked 
| 107|0x0000000088100000, 0x0000000088100000, 0x0000000088200000|  0%| F|  |TAMS 0x0000000088100000, 0x0000000088100000| Untracked 
| 108|0x0000000088200000, 0x0000000088200000, 0x0000000088300000|  0%| F|  |TAMS 0x0000000088200000, 0x0000000088200000| Untracked 
| 109|0x0000000088300000, 0x0000000088300000, 0x0000000088400000|  0%| F|  |TAMS 0x0000000088300000, 0x0000000088300000| Untracked 
| 110|0x0000000088400000, 0x0000000088400000, 0x0000000088500000|  0%| F|  |TAMS 0x0000000088400000, 0x0000000088400000| Untracked 
| 111|0x0000000088500000, 0x0000000088500000, 0x0000000088600000|  0%| F|  |TAMS 0x0000000088500000, 0x0000000088500000| Untracked 
| 112|0x0000000088600000, 0x0000000088600000, 0x0000000088700000|  0%| F|  |TAMS 0x0000000088600000, 0x0000000088600000| Untracked 
| 113|0x0000000088700000, 0x0000000088700000, 0x0000000088800000|  0%| F|  |TAMS 0x0000000088700000, 0x0000000088700000| Untracked 
| 114|0x0000000088800000, 0x0000000088800000, 0x0000000088900000|  0%| F|  |TAMS 0x0000000088800000, 0x0000000088800000| Untracked 
| 115|0x0000000088900000, 0x0000000088900000, 0x0000000088a00000|  0%| F|  |TAMS 0x0000000088900000, 0x0000000088900000| Untracked 
| 116|0x0000000088a00000, 0x0000000088a00000, 0x0000000088b00000|  0%| F|  |TAMS 0x0000000088a00000, 0x0000000088a00000| Untracked 
| 117|0x0000000088b00000, 0x0000000088b00000, 0x0000000088c00000|  0%| F|  |TAMS 0x0000000088b00000, 0x0000000088b00000| Untracked 
| 118|0x0000000088c00000, 0x0000000088c00000, 0x0000000088d00000|  0%| F|  |TAMS 0x0000000088c00000, 0x0000000088c00000| Untracked 
| 119|0x0000000088d00000, 0x0000000088d00000, 0x0000000088e00000|  0%| F|  |TAMS 0x0000000088d00000, 0x0000000088d00000| Untracked 
| 120|0x0000000088e00000, 0x0000000088e00000, 0x0000000088f00000|  0%| F|  |TAMS 0x0000000088e00000, 0x0000000088e00000| Untracked 
| 121|0x0000000088f00000, 0x0000000088f00000, 0x0000000089000000|  0%| F|  |TAMS 0x0000000088f00000, 0x0000000088f00000| Untracked 
| 122|0x0000000089000000, 0x0000000089000000, 0x0000000089100000|  0%| F|  |TAMS 0x0000000089000000, 0x0000000089000000| Untracked 
| 123|0x0000000089100000, 0x0000000089100000, 0x0000000089200000|  0%| F|  |TAMS 0x0000000089100000, 0x0000000089100000| Untracked 
| 124|0x0000000089200000, 0x0000000089200000, 0x0000000089300000|  0%| F|  |TAMS 0x0000000089200000, 0x0000000089200000| Untracked 
| 125|0x0000000089300000, 0x0000000089300000, 0x0000000089400000|  0%| F|  |TAMS 0x0000000089300000, 0x0000000089300000| Untracked 
| 126|0x0000000089400000, 0x0000000089400000, 0x0000000089500000|  0%| F|  |TAMS 0x0000000089400000, 0x0000000089400000| Untracked 
| 127|0x0000000089500000, 0x0000000089500000, 0x0000000089600000|  0%| F|  |TAMS 0x0000000089500000, 0x0000000089500000| Untracked 

Card table byte_map: [0x0000028d7a070000,0x0000028d7a470000] _byte_map_base: 0x0000028d79c65000

Marking Bits (Prev, Next): (CMBitMap*) 0x0000028d79bdd290, (CMBitMap*) 0x0000028d79bdd2d0
 Prev Bits: [0x0000028d7a870000, 0x0000028d7c818000)
 Next Bits: [0x0000028d7c820000, 0x0000028d7e7c8000)

Polling page: 0x0000028d77960000

Metaspace:

Usage:
  Non-class:     13.75 MB capacity,    12.65 MB ( 92%) used,     1.08 MB (  8%) free+waste,    26.12 KB ( <1%) overhead. 
      Class:      2.06 MB capacity,     1.92 MB ( 93%) used,   126.56 KB (  6%) free+waste,    11.81 KB ( <1%) overhead. 
       Both:     15.81 MB capacity,    14.57 MB ( 92%) used,     1.20 MB (  8%) free+waste,    37.94 KB ( <1%) overhead. 

Virtual space:
  Non-class space:       26.00 MB reserved,      13.75 MB ( 53%) committed 
      Class space:        1.00 GB reserved,       2.12 MB ( <1%) committed 
             Both:        1.03 GB reserved,      15.88 MB (  2%) committed 

Chunk freelists:
   Non-Class:  0 bytes
       Class:  6.00 KB
        Both:  6.00 KB

MaxMetaspaceSize: 17179869184.00 GB
CompressedClassSpaceSize: 1.00 GB

CodeHeap 'non-profiled nmethods': size=238912Kb used=3909Kb max_used=3909Kb free=235002Kb
 bounds [0x0000028d08810000, 0x0000028d08bf0000, 0x0000028d17160000]
CodeHeap 'non-nmethods': size=6848Kb used=1187Kb max_used=1187Kb free=5661Kb
 bounds [0x0000028d08160000, 0x0000028d083d0000, 0x0000028d08810000]
 total_blobs=3007 nmethods=2559 adapters=375
 compilation: enabled
              stopped_count=0, restarted_count=0
 full_count=0

Compilation events (20 events):
Event: 1.892 Thread 0x0000028d7ecba440 nmethod 2550 0x0000028d08bdc390 code [0x0000028d08bdc520, 0x0000028d08bdc618]
Event: 1.892 Thread 0x0000028d7ecba440 2551       1       org.springframework.core.annotation.AnnotationAttributes::assertNotException (44 bytes)
Event: 1.893 Thread 0x0000028d7ecba440 nmethod 2551 0x0000028d08bdc690 code [0x0000028d08bdc8c0, 0x0000028d08bdd0c8]
Event: 1.893 Thread 0x0000028d7ecba440 2552       1       org.springframework.core.annotation.AnnotationAttributes::assertAttributeType (54 bytes)
Event: 1.894 Thread 0x0000028d7ecba440 nmethod 2552 0x0000028d08bdd410 code [0x0000028d08bdd680, 0x0000028d08bde0c8]
Event: 1.894 Thread 0x0000028d7ecba440 2553       1       org.springframework.core.ResolvableType::<init> (39 bytes)
Event: 1.894 Thread 0x0000028d7ecba440 nmethod 2553 0x0000028d08bde590 code [0x0000028d08bde740, 0x0000028d08bdea28]
Event: 1.894 Thread 0x0000028d7ecba440 2554       1       org.springframework.core.ResolvableType::resolveType (151 bytes)
Event: 1.895 Thread 0x0000028d7ecba440 nmethod 2554 0x0000028d08bdeb10 code [0x0000028d08bded80, 0x0000028d08bdf5c8]
Event: 1.895 Thread 0x0000028d7ecba440 2556       1       org.springframework.core.ResolvableType::isArray (58 bytes)
Event: 1.895 Thread 0x0000028d7ecba440 nmethod 2556 0x0000028d08bdf910 code [0x0000028d08bdfae0, 0x0000028d08bdfd68]
Event: 1.895 Thread 0x0000028d7ecba440 2555       1       org.springframework.core.ResolvableType::toClass (7 bytes)
Event: 1.896 Thread 0x0000028d7ecba440 nmethod 2555 0x0000028d08bdfe90 code [0x0000028d08be0020, 0x0000028d08be00f8]
Event: 1.896 Thread 0x0000028d7ecba440 2559       1       org.springframework.core.ResolvableType::<init> (47 bytes)
Event: 1.896 Thread 0x0000028d7ecba440 nmethod 2559 0x0000028d08be0190 code [0x0000028d08be0320, 0x0000028d08be0558]
Event: 1.896 Thread 0x0000028d7ecba440 2557       1       org.springframework.core.ResolvableType$WildcardBounds::get (134 bytes)
Event: 1.896 Thread 0x0000028d7ecba440 nmethod 2557 0x0000028d08be0610 code [0x0000028d08be0860, 0x0000028d08be1098]
Event: 1.896 Thread 0x0000028d7ecba440 2558       1       org.springframework.core.ResolvableType$SyntheticParameterizedType::getRawType (5 bytes)
Event: 1.896 Thread 0x0000028d7ecba440 nmethod 2558 0x0000028d08be1490 code [0x0000028d08be1620, 0x0000028d08be16d8]
Event: 1.896 Thread 0x0000028d7ecba440 2560       1       org.springframework.core.ResolvableType::isAssignableFrom (407 bytes)

GC Heap History (10 events):
Event: 0.443 GC heap before
{Heap before GC invocations=0 (full 0):
 garbage-first heap   total 131072K, used 13312K [0x0000000081600000, 0x0000000100000000)
  region size 1024K, 13 young (13312K), 0 survivors (0K)
 Metaspace       used 2917K, capacity 5971K, committed 6272K, reserved 1056768K
  class space    used 321K, capacity 565K, committed 640K, reserved 1048576K
}
Event: 0.449 GC heap after
{Heap after GC invocations=1 (full 0):
 garbage-first heap   total 131072K, used 5861K [0x0000000081600000, 0x0000000100000000)
  region size 1024K, 2 young (2048K), 2 survivors (2048K)
 Metaspace       used 2917K, capacity 5971K, committed 6272K, reserved 1056768K
  class space    used 321K, capacity 565K, committed 640K, reserved 1048576K
}
Event: 0.536 GC heap before
{Heap before GC invocations=1 (full 0):
 garbage-first heap   total 131072K, used 17125K [0x0000000081600000, 0x0000000100000000)
  region size 1024K, 14 young (14336K), 2 survivors (2048K)
 Metaspace       used 3737K, capacity 6353K, committed 6528K, reserved 1056768K
  class space    used 434K, capacity 607K, committed 640K, reserved 1048576K
}
Event: 0.539 GC heap after
{Heap after GC invocations=2 (full 0):
 garbage-first heap   total 131072K, used 6288K [0x0000000081600000, 0x0000000100000000)
  region size 1024K, 1 young (1024K), 1 survivors (1024K)
 Metaspace       used 3737K, capacity 6353K, committed 6528K, reserved 1056768K
  class space    used 434K, capacity 607K, committed 640K, reserved 1048576K
}
Event: 0.550 GC heap before
{Heap before GC invocations=2 (full 0):
 garbage-first heap   total 131072K, used 28816K [0x0000000081600000, 0x0000000100000000)
  region size 1024K, 24 young (24576K), 1 survivors (1024K)
 Metaspace       used 3737K, capacity 6353K, committed 6528K, reserved 1056768K
  class space    used 434K, capacity 607K, committed 640K, reserved 1048576K
}
Event: 0.551 GC heap after
{Heap after GC invocations=3 (full 0):
 garbage-first heap   total 131072K, used 6291K [0x0000000081600000, 0x0000000100000000)
  region size 1024K, 1 young (1024K), 1 survivors (1024K)
 Metaspace       used 3737K, capacity 6353K, committed 6528K, reserved 1056768K
  class space    used 434K, capacity 607K, committed 640K, reserved 1048576K
}
Event: 1.397 GC heap before
{Heap before GC invocations=3 (full 0):
 garbage-first heap   total 131072K, used 82067K [0x0000000081600000, 0x0000000100000000)
  region size 1024K, 76 young (77824K), 1 survivors (1024K)
 Metaspace       used 12655K, capacity 13836K, committed 14080K, reserved 1060864K
  class space    used 1667K, capacity 1756K, committed 1792K, reserved 1048576K
}
Event: 1.404 GC heap after
{Heap after GC invocations=4 (full 0):
 garbage-first heap   total 131072K, used 9208K [0x0000000081600000, 0x0000000100000000)
  region size 1024K, 4 young (4096K), 4 survivors (4096K)
 Metaspace       used 12655K, capacity 13836K, committed 14080K, reserved 1060864K
  class space    used 1667K, capacity 1756K, committed 1792K, reserved 1048576K
}
Event: 1.897 GC heap before
{Heap before GC invocations=4 (full 0):
 garbage-first heap   total 131072K, used 45048K [0x0000000081600000, 0x0000000100000000)
  region size 1024K, 41 young (41984K), 4 survivors (4096K)
 Metaspace       used 14918K, capacity 16186K, committed 16256K, reserved 1073152K
  class space    used 1967K, capacity 2106K, committed 2176K, reserved 1048576K
}
Event: 1.904 GC heap after
{Heap after GC invocations=5 (full 0):
 garbage-first heap   total 131072K, used 10767K [0x0000000081600000, 0x0000000100000000)
  region size 1024K, 5 young (5120K), 5 survivors (5120K)
 Metaspace       used 14918K, capacity 16186K, committed 16256K, reserved 1073152K
  class space    used 1967K, capacity 2106K, committed 2176K, reserved 1048576K
}

Deoptimization events (0 events):
No events

Classes unloaded (0 events):
No events

Classes redefined (0 events):
No events

Internal exceptions (20 events):
Event: 1.171 Thread 0x0000028d19686af0 Exception <a 'java/lang/NoSuchMethodError'{0x0000000086cfa3a0}: 'long java.lang.invoke.DirectMethodHandle$Holder.invokeInterface(java.lang.Object, java.lang.Object)'> (0x0000000086cfa3a0) 
thrown [./open/src/hotspot/share/interpreter/linkResolver.cpp, line 782]
Event: 1.171 Thread 0x0000028d19686af0 Exception <a 'java/lang/IncompatibleClassChangeError'{0x0000000086cfdb00}: Found class java.lang.Object, but interface was expected> (0x0000000086cfdb00) 
thrown [./open/src/hotspot/share/interpreter/linkResolver.cpp, line 848]
Event: 1.181 Thread 0x0000028d19686af0 Exception <a 'java/lang/NoSuchMethodError'{0x0000000086b72ad0}: 'java.lang.Object java.lang.invoke.DirectMethodHandle$Holder.invokeVirtual(java.lang.Object, java.lang.Object, java.lang.Object, java.lang.Object)'> (0x0000000086b72ad0) 
thrown [./open/src/hotspot/share/interpreter/linkResolver.cpp, line 782]
Event: 1.191 Thread 0x0000028d1949b160 Exception <a 'java/lang/ClassNotFoundException'{0x0000000086a5e608}: java/lang/ObjectCustomizer> (0x0000000086a5e608) 
thrown [./open/src/hotspot/share/classfile/systemDictionary.cpp, line 295]
Event: 1.193 Thread 0x0000028d1949b160 Exception <a 'java/lang/IncompatibleClassChangeError'{0x0000000086a63498}: Found class java.lang.Object, but interface was expected> (0x0000000086a63498) 
thrown [./open/src/hotspot/share/interpreter/linkResolver.cpp, line 848]
Event: 1.199 Thread 0x0000028d1949b160 Exception <a 'java/lang/ClassNotFoundException'{0x0000000086911e60}: org/springframework/context/annotation/ConfigurationClassPostProcessorCustomizer> (0x0000000086911e60) 
thrown [./open/src/hotspot/share/classfile/systemDictionary.cpp, line 295]
Event: 1.203 Thread 0x0000028d1949b160 Exception <a 'java/lang/ClassNotFoundException'{0x00000000869374e0}: org/springframework/beans/factory/support/BeanDefinitionRegistryPostProcessorCustomizer> (0x00000000869374e0) 
thrown [./open/src/hotspot/share/classfile/systemDictionary.cpp, line 295]
Event: 1.204 Thread 0x0000028d1949b160 Exception <a 'java/lang/ClassNotFoundException'{0x000000008693d648}: org/springframework/beans/factory/config/BeanFactoryPostProcessorCustomizer> (0x000000008693d648) 
thrown [./open/src/hotspot/share/classfile/systemDictionary.cpp, line 295]
Event: 1.205 Thread 0x0000028d1949b160 Exception <a 'java/lang/ClassNotFoundException'{0x00000000869433f8}: org/springframework/core/PriorityOrderedCustomizer> (0x00000000869433f8) 
thrown [./open/src/hotspot/share/classfile/systemDictionary.cpp, line 295]
Event: 1.205 Thread 0x0000028d1949b160 Exception <a 'java/lang/ClassNotFoundException'{0x0000000086947d58}: org/springframework/core/OrderedCustomizer> (0x0000000086947d58) 
thrown [./open/src/hotspot/share/classfile/systemDictionary.cpp, line 295]
Event: 1.206 Thread 0x0000028d1949b160 Exception <a 'java/lang/ClassNotFoundException'{0x000000008694d9f0}: org/springframework/context/ResourceLoaderAwareCustomizer> (0x000000008694d9f0) 
thrown [./open/src/hotspot/share/classfile/systemDictionary.cpp, line 295]
Event: 1.207 Thread 0x0000028d1949b160 Exception <a 'java/lang/ClassNotFoundException'{0x0000000086953718}: org/springframework/beans/factory/AwareCustomizer> (0x0000000086953718) 
thrown [./open/src/hotspot/share/classfile/systemDictionary.cpp, line 295]
Event: 1.208 Thread 0x0000028d1949b160 Exception <a 'java/lang/ClassNotFoundException'{0x00000000869584d8}: org/springframework/context/ApplicationStartupAwareCustomizer> (0x00000000869584d8) 
thrown [./open/src/hotspot/share/classfile/systemDictionary.cpp, line 295]
Event: 1.209 Thread 0x0000028d1949b160 Exception <a 'java/lang/ClassNotFoundException'{0x000000008695e478}: org/springframework/beans/factory/AwareCustomizer> (0x000000008695e478) 
thrown [./open/src/hotspot/share/classfile/systemDictionary.cpp, line 295]
Event: 1.210 Thread 0x0000028d1949b160 Exception <a 'java/lang/ClassNotFoundException'{0x00000000869632f0}: org/springframework/beans/factory/BeanClassLoaderAwareCustomizer> (0x00000000869632f0) 
thrown [./open/src/hotspot/share/classfile/systemDictionary.cpp, line 295]
Event: 1.212 Thread 0x0000028d1949b160 Exception <a 'java/lang/ClassNotFoundException'{0x0000000086969030}: org/springframework/beans/factory/AwareCustomizer> (0x0000000086969030) 
thrown [./open/src/hotspot/share/classfile/systemDictionary.cpp, line 295]
Event: 1.212 Thread 0x0000028d1949b160 Exception <a 'java/lang/ClassNotFoundException'{0x000000008696db50}: org/springframework/context/EnvironmentAwareCustomizer> (0x000000008696db50) 
thrown [./open/src/hotspot/share/classfile/systemDictionary.cpp, line 295]
Event: 1.213 Thread 0x0000028d1949b160 Exception <a 'java/lang/ClassNotFoundException'{0x0000000086973808}: org/springframework/beans/factory/AwareCustomizer> (0x0000000086973808) 
thrown [./open/src/hotspot/share/classfile/systemDictionary.cpp, line 295]
Event: 1.463 Thread 0x0000028d1949b160 Exception <a 'java/lang/IncompatibleClassChangeError'{0x0000000088869fd0}: Found class java.lang.Object, but interface was expected> (0x0000000088869fd0) 
thrown [./open/src/hotspot/share/interpreter/linkResolver.cpp, line 848]
Event: 1.495 Thread 0x0000028d1949b160 Exception <a 'java/lang/NoSuchMethodError'{0x000000008861f870}: 'void java.lang.invoke.DirectMethodHandle$Holder.invokeInterface(java.lang.Object, java.lang.Object, java.lang.Object, java.lang.Object)'> (0x000000008861f870) 
thrown [./open/src/hotspot/share/interpreter/linkResolver.cpp, line 782]

Events (20 events):
Event: 1.397 Executing VM operation: G1CollectForAllocation
Event: 1.404 Executing VM operation: G1CollectForAllocation done
Event: 1.404 Executing VM operation: HandshakeAllThreads
Event: 1.404 Executing VM operation: HandshakeAllThreads done
Event: 1.421 loading class javax/naming/ldap/LdapContext
Event: 1.421 loading class javax/naming/directory/DirContext
Event: 1.421 loading class javax/naming/directory/DirContext done
Event: 1.421 loading class javax/naming/ldap/LdapContext done
Event: 1.452 Thread 0x0000028d1991a370 Thread exited: 0x0000028d1991a370
Event: 1.477 loading class java/lang/Deprecated
Event: 1.478 loading class java/lang/Deprecated done
Event: 1.793 Executing VM operation: HandshakeAllThreads
Event: 1.793 Executing VM operation: HandshakeAllThreads done
Event: 1.811 Executing VM operation: ICBufferFull
Event: 1.811 Executing VM operation: ICBufferFull done
Event: 1.811 Executing VM operation: HandshakeAllThreads
Event: 1.811 Executing VM operation: HandshakeAllThreads done
Event: 1.882 loading class java/lang/TypeNotPresentException
Event: 1.882 loading class java/lang/TypeNotPresentException done
Event: 1.897 Executing VM operation: CollectForMetadataAllocation


Dynamic libraries:
0x00007ff73e7a0000 - 0x00007ff73e7af000 	C:\Program Files\Java\jdk-15.0.2\bin\java.exe
0x00007ffe335d0000 - 0x00007ffe337c5000 	C:\WINDOWS\SYSTEM32\ntdll.dll
0x00007ffe31c60000 - 0x00007ffe31d1e000 	C:\WINDOWS\System32\KERNEL32.DLL
0x00007ffe30f50000 - 0x00007ffe31219000 	C:\WINDOWS\System32\KERNELBASE.dll
0x00007ffe30cf0000 - 0x00007ffe30df0000 	C:\WINDOWS\System32\ucrtbase.dll
0x00007ffe24d00000 - 0x00007ffe24d19000 	C:\Program Files\Java\jdk-15.0.2\bin\VCRUNTIME140.dll
0x00007ffe1a2d0000 - 0x00007ffe1a2e8000 	C:\Program Files\Java\jdk-15.0.2\bin\jli.dll
0x00007ffe32e60000 - 0x00007ffe32f0c000 	C:\WINDOWS\System32\ADVAPI32.dll
0x00007ffe31a60000 - 0x00007ffe31afe000 	C:\WINDOWS\System32\msvcrt.dll
0x00007ffe32d90000 - 0x00007ffe32e2b000 	C:\WINDOWS\System32\sechost.dll
0x00007ffe31920000 - 0x00007ffe31a4a000 	C:\WINDOWS\System32\RPCRT4.dll
0x00007ffe31770000 - 0x00007ffe31911000 	C:\WINDOWS\System32\USER32.dll
0x00007ffe315f0000 - 0x00007ffe31612000 	C:\WINDOWS\System32\win32u.dll
0x00007ffe32e30000 - 0x00007ffe32e5b000 	C:\WINDOWS\System32\GDI32.dll
0x00007ffe31490000 - 0x00007ffe3159b000 	C:\WINDOWS\System32\gdi32full.dll
0x00007ffe31330000 - 0x00007ffe313cd000 	C:\WINDOWS\System32\msvcp_win.dll
0x00007ffe29130000 - 0x00007ffe293ca000 	C:\WINDOWS\WinSxS\amd64_microsoft.windows.common-controls_6595b64144ccf1df_6.0.19041.1110_none_60b5254171f9507e\COMCTL32.dll
0x00007ffe2b820000 - 0x00007ffe2b82a000 	C:\WINDOWS\SYSTEM32\VERSION.dll
0x00007ffe33560000 - 0x00007ffe33590000 	C:\WINDOWS\System32\IMM32.DLL
0x00007ffe271e0000 - 0x00007ffe271ec000 	C:\Program Files\Java\jdk-15.0.2\bin\vcruntime140_1.dll
0x00007ffe0c530000 - 0x00007ffe0c5c1000 	C:\Program Files\Java\jdk-15.0.2\bin\msvcp140.dll
0x00007ffde8ba0000 - 0x00007ffde96fe000 	C:\Program Files\Java\jdk-15.0.2\bin\server\jvm.dll
0x00007ffe32b90000 - 0x00007ffe32b98000 	C:\WINDOWS\System32\PSAPI.DLL
0x00007ffe0b060000 - 0x00007ffe0b087000 	C:\WINDOWS\SYSTEM32\WINMM.dll
0x00007ffe29820000 - 0x00007ffe29829000 	C:\WINDOWS\SYSTEM32\WSOCK32.dll
0x00007ffe32ba0000 - 0x00007ffe32c0b000 	C:\WINDOWS\System32\WS2_32.dll
0x00007ffe2f5c0000 - 0x00007ffe2f5d2000 	C:\WINDOWS\SYSTEM32\kernel.appcore.dll
0x00007ffe24d70000 - 0x00007ffe24d7a000 	C:\Program Files\Java\jdk-15.0.2\bin\jimage.dll
0x00007ffe2f2d0000 - 0x00007ffe2f4b4000 	C:\WINDOWS\SYSTEM32\DBGHELP.DLL
0x00007ffe2ab60000 - 0x00007ffe2ab8c000 	C:\WINDOWS\SYSTEM32\dbgcore.DLL
0x00007ffe313d0000 - 0x00007ffe31453000 	C:\WINDOWS\System32\bcryptPrimitives.dll
0x00007ffe1a390000 - 0x00007ffe1a3b5000 	C:\Program Files\Java\jdk-15.0.2\bin\java.dll
0x00007ffe32080000 - 0x00007ffe327bf000 	C:\WINDOWS\System32\SHELL32.dll
0x00007ffe2ea40000 - 0x00007ffe2f1d0000 	C:\WINDOWS\SYSTEM32\windows.storage.dll
0x00007ffe31d20000 - 0x00007ffe32075000 	C:\WINDOWS\System32\combase.dll
0x00007ffe30670000 - 0x00007ffe3069c000 	C:\WINDOWS\SYSTEM32\Wldp.dll
0x00007ffe32f10000 - 0x00007ffe32fbd000 	C:\WINDOWS\System32\SHCORE.dll
0x00007ffe31c00000 - 0x00007ffe31c55000 	C:\WINDOWS\System32\shlwapi.dll
0x00007ffe30c30000 - 0x00007ffe30c4f000 	C:\WINDOWS\SYSTEM32\profapi.dll
0x00007ffe1e9a0000 - 0x00007ffe1e9b9000 	C:\Program Files\Java\jdk-15.0.2\bin\net.dll
0x00007ffe282f0000 - 0x00007ffe283f8000 	C:\WINDOWS\SYSTEM32\WINHTTP.dll
0x00007ffe303d0000 - 0x00007ffe3043a000 	C:\WINDOWS\system32\mswsock.dll
0x00007ffe1b9b0000 - 0x00007ffe1b9c2000 	C:\Program Files\Java\jdk-15.0.2\bin\nio.dll
0x00007ffe24d20000 - 0x00007ffe24d38000 	C:\Program Files\Java\jdk-15.0.2\bin\zip.dll
0x00007ffe27920000 - 0x00007ffe27929000 	C:\Program Files\Java\jdk-15.0.2\bin\management.dll
0x00007ffe24cf0000 - 0x00007ffe24cfb000 	C:\Program Files\Java\jdk-15.0.2\bin\management_ext.dll
0x00007ffe297f0000 - 0x00007ffe29807000 	C:\WINDOWS\system32\napinsp.dll
0x00007ffe297d0000 - 0x00007ffe297eb000 	C:\WINDOWS\system32\pnrpnsp.dll
0x00007ffe1cd60000 - 0x00007ffe1cd75000 	C:\WINDOWS\system32\wshbth.dll
0x00007ffe2b8a0000 - 0x00007ffe2b8bd000 	C:\WINDOWS\system32\NLAapi.dll
0x00007ffe300c0000 - 0x00007ffe300fb000 	C:\WINDOWS\SYSTEM32\IPHLPAPI.DLL
0x00007ffe30100000 - 0x00007ffe301cc000 	C:\WINDOWS\SYSTEM32\DNSAPI.dll
0x00007ffe31a50000 - 0x00007ffe31a58000 	C:\WINDOWS\System32\NSI.dll
0x00007ffe29750000 - 0x00007ffe29762000 	C:\WINDOWS\System32\winrnr.dll
0x00007ffe274c0000 - 0x00007ffe274ca000 	C:\Windows\System32\rasadhlp.dll
0x00007ffe27960000 - 0x00007ffe279df000 	C:\WINDOWS\System32\fwpuclnt.dll
0x00007ffe31460000 - 0x00007ffe31487000 	C:\WINDOWS\System32\bcrypt.dll

dbghelp: loaded successfully - version: 4.0.5 - missing functions: none
symbol engine: initialized successfully - sym options: 0x614 - pdb path: .;C:\Program Files\Java\jdk-15.0.2\bin;C:\WINDOWS\SYSTEM32;C:\WINDOWS\WinSxS\amd64_microsoft.windows.common-controls_6595b64144ccf1df_6.0.19041.1110_none_60b5254171f9507e;C:\Program Files\Java\jdk-15.0.2\bin\server

VM Arguments:
jvm_args: -XX:TieredStopAtLevel=1 -Xverify:none -XX:TieredStopAtLevel=1 
java_command: com.game.g8.sa.reto3grupo8.Reto3grupo8Application
java_class_path (initial): C:\Cursos\JavaMisionTic\Retos\springBoogtG8\target\classes;C:\Users\JhonA\.m2\repository\org\springframework\spring-aop\5.3.10\spring-aop-5.3.10.jar;C:\Users\JhonA\.m2\repository\org\aspectj\aspectjweaver\1.9.7\aspectjweaver-1.9.7.jar;C:\Users\JhonA\.m2\repository\com\zaxxer\HikariCP\4.0.3\HikariCP-4.0.3.jar;C:\Users\JhonA\.m2\repository\org\springframework\spring-jdbc\5.3.10\spring-jdbc-5.3.10.jar;C:\Users\JhonA\.m2\repository\jakarta\transaction\jakarta.transaction-api\1.3.3\jakarta.transaction-api-1.3.3.jar;C:\Users\JhonA\.m2\repository\jakarta\persistence\jakarta.persistence-api\2.2.3\jakarta.persistence-api-2.2.3.jar;C:\Users\JhonA\.m2\repository\org\hibernate\hibernate-core\5.4.32.Final\hibernate-core-5.4.32.Final.jar;C:\Users\JhonA\.m2\repository\org\jboss\logging\jboss-logging\3.4.2.Final\jboss-logging-3.4.2.Final.jar;C:\Users\JhonA\.m2\repository\org\javassist\javassist\3.27.0-GA\javassist-3.27.0-GA.jar;C:\Users\JhonA\.m2\repository\net\bytebuddy\byte-buddy\1.10.22\byte-buddy-1.10.22.jar;C:\Users\JhonA\.m2\repository\antlr\antlr\2.7.7\antlr-2.7.7.jar;C:\Users\JhonA\.m2\repository\org\jboss\jandex\2.2.3.Final\jandex-2.2.3.Final.jar;C:\Users\JhonA\.m2\repository\com\fasterxml\classmate\1.5.1\classmate-1.5.1.jar;C:\Users\JhonA\.m2\repository\org\dom4j\dom4j\2.1.3\dom4j-2.1.3.jar;C:\Users\JhonA\.m2\repository\org\hibernate\common\hibernate-commons-annotations\5.1.2.Final\hibernate-commons-annotations-5.1.2.Final.jar;C:\Users\JhonA\.m2\repository\org\glassfish\jaxb\jaxb-runtime\2.3.5\jaxb-runtime-2.3.5.jar;C:\Users\JhonA\.m2\repository\org\glassfish\jaxb\txw2\2.3.5\txw2-2.3.5.jar;C:\Users\JhonA\.m2\repository\com\sun\istack\istack-commons-runtime\3.0.12\istack-commons-runtime-3.0.12.jar;C:\Users\JhonA\.m2\repository\com\sun\activation\jakarta.activation\1.2.2\jakarta.activation-1.2.2.jar;C:\Users\JhonA\.m2\repository\org\springframework\data\spring-data-jpa\2.5.5\spring-data-jpa-2.5.5.jar;C:\Users\JhonA\.m2\repository\org\springframe
Launcher Type: SUN_STANDARD

[Global flags]
     intx CICompilerCount                          = 3                                         {product} {ergonomic}
     uint ConcGCThreads                            = 1                                         {product} {ergonomic}
     uint G1ConcRefinementThreads                  = 4                                         {product} {ergonomic}
   size_t G1HeapRegionSize                         = 1048576                                   {product} {ergonomic}
    uintx GCDrainStackTargetSize                   = 64                                        {product} {ergonomic}
   size_t InitialHeapSize                          = 134217728                                 {product} {ergonomic}
   size_t MarkStackSize                            = 4194304                                   {product} {ergonomic}
   size_t MaxHeapSize                              = 2124414976                                {product} {ergonomic}
   size_t MaxNewSize                               = 1274019840                                {product} {ergonomic}
   size_t MinHeapDeltaBytes                        = 1048576                                   {product} {ergonomic}
   size_t MinHeapSize                              = 8388608                                   {product} {ergonomic}
    uintx NonNMethodCodeHeapSize                   = 6973028                                {pd product} {ergonomic}
    uintx NonProfiledCodeHeapSize                  = 244685212                              {pd product} {ergonomic}
    uintx ProfiledCodeHeapSize                     = 0                                      {pd product} {ergonomic}
    uintx ReservedCodeCacheSize                    = 251658240                              {pd product} {ergonomic}
     bool SegmentedCodeCache                       = true                                      {product} {ergonomic}
   size_t SoftMaxHeapSize                          = 2124414976                             {manageable} {ergonomic}
     intx TieredStopAtLevel                        = 1                                         {product} {command line}
     bool UseCompressedClassPointers               = true                                 {lp64_product} {ergonomic}
     bool UseCompressedOops                        = true                                 {lp64_product} {ergonomic}
     bool UseG1GC                                  = true                                      {product} {ergonomic}
     bool UseLargePagesIndividualAllocation        = false                                  {pd product} {ergonomic}

Logging:
Log output configuration:
 #0: stdout all=warning uptime,level,tags
 #1: stderr all=off uptime,level,tags

Environment Variables:
JAVA_HOME=C:\Program Files\Java\jdk-15.0.2
PATH=C:\Program Files\Common Files\Oracle\Java\javapath;C:\Program Files (x86)\Intel\Intel(R) Management Engine Components\iCLS\;C:\Program Files\Intel\Intel(R) Management Engine Components\iCLS\;C:\WINDOWS\system32;C:\WINDOWS;C:\WINDOWS\System32\Wbem;C:\WINDOWS\System32\WindowsPowerShell\v1.0\;C:\WINDOWS\System32\OpenSSH\;C:\Program Files (x86)\Intel\Intel(R) Management Engine Components\DAL;C:\Program Files\Intel\Intel(R) Management Engine Components\DAL;C:\ProgramData\chocolatey\bin;C:\Program Files\Git\cmd;C:\Users\JhonA\AppData\Local\Microsoft\WindowsApps;C:\Users\JhonA\AppData\Local\Programs\Microsoft VS Code\bin;C:\Program Files\MySQL\MySQL Server 8.0\bin;
USERNAME=JhonA
OS=Windows_NT
PROCESSOR_IDENTIFIER=Intel64 Family 6 Model 142 Stepping 10, GenuineIntel



---------------  S Y S T E M  ---------------

OS:
 Windows 10 , 64 bit Build 19041 (10.0.19041.1202)
OS uptime: 3 days 1:00 hours

CPU: total 4 (initial active 4) (2 cores per cpu, 2 threads per core) family 6 model 142 stepping 10 microcode 0xb4, cmov, cx8, fxsr, mmx, sse, sse2, sse3, ssse3, sse4.1, sse4.2, popcnt, vzeroupper, avx, avx2, aes, clmul, erms, 3dnowpref, lzcnt, ht, tsc, tscinvbit, bmi1, bmi2, adx, fma, clflush, clflushopt

Memory: 4k page, system-wide physical 8101M (642M free)
TotalPageFile size 8101M (AvailPageFile size 3M)
current process WorkingSet (physical memory assigned to process): 146M, peak: 146M
current process commit charge ("private bytes"): 229M, peak: 230M

vm_info: Java HotSpot(TM) 64-Bit Server VM (15.0.2+7-27) for windows-amd64 JRE (15.0.2+7-27), built on Dec  7 2020 20:07:01 by "mach5one" with unknown MS VC++:1925

END.
