#
# There is insufficient memory for the Java Runtime Environment to continue.
# Native memory allocation (mmap) failed to map 134217728 bytes for G1 virtual space
# Possible reasons:
#   The system is out of physical RAM or swap space
#   The process is running with CompressedOops enabled, and the Java Heap may be blocking the growth of the native heap
# Possible solutions:
#   Reduce memory load on the system
#   Increase physical memory or swap space
#   Check if swap backing store is full
#   Decrease Java heap size (-Xmx/-Xms)
#   Decrease number of Java threads
#   Decrease Java thread stack sizes (-Xss)
#   Set larger code cache with -XX:ReservedCodeCacheSize=
#   JVM is running with Unscaled Compressed Oops mode in which the Java heap is
#     placed in the first 4GB address space. The Java Heap base address is the
#     maximum limit for the native heap growth. Please use -XX:HeapBaseMinAddress
#     to set the Java Heap base and to place the Java Heap above 4GB virtual address.
# This output file may be truncated or incomplete.
#
#  Out of Memory Error (./open/src/hotspot/os/windows/os_windows.cpp:3321), pid=9024, tid=3792
#
# JRE version:  (15.0.2+7) (build )
# Java VM: Java HotSpot(TM) 64-Bit Server VM (15.0.2+7-27, mixed mode, sharing, tiered, compressed oops, g1 gc, windows-amd64)
# No core dump will be written. Minidumps are not enabled by default on client versions of Windows
#

---------------  S U M M A R Y ------------

Command Line: -XX:TieredStopAtLevel=1 -Xverify:none -XX:TieredStopAtLevel=1 com.game.g8.sa.reto3grupo8.Reto3grupo8Application

Host: Intel(R) Core(TM) i3-7020U CPU @ 2.30GHz, 4 cores, 7G,  Windows 10 , 64 bit Build 19041 (10.0.19041.1202)
Time: Sat Oct 16 11:54:16 2021 Hora est. Pacífico, Sudamérica elapsed time: 0.050968 seconds (0d 0h 0m 0s)

---------------  T H R E A D  ---------------

Current thread (0x000002209be9df90):  JavaThread "Unknown thread" [_thread_in_vm, id=3792, stack(0x000000d8fee00000,0x000000d8fef00000)]

Stack: [0x000000d8fee00000,0x000000d8fef00000]
Native frames: (J=compiled Java code, j=interpreted, Vv=VM code, C=native code)
V  [jvm.dll+0x62ae9a]
V  [jvm.dll+0x7817a9]
V  [jvm.dll+0x782f03]
V  [jvm.dll+0x783563]
V  [jvm.dll+0x216325]
V  [jvm.dll+0x6281d9]
V  [jvm.dll+0x61cf55]
V  [jvm.dll+0x2cffdd]
V  [jvm.dll+0x2cfe42]
V  [jvm.dll+0x2d5e1c]
V  [jvm.dll+0x32590a]
V  [jvm.dll+0x324fd4]
V  [jvm.dll+0x2a6f5a]
V  [jvm.dll+0x2a80f8]
V  [jvm.dll+0x75e241]
V  [jvm.dll+0x3341c4]
V  [jvm.dll+0x73e926]
V  [jvm.dll+0x3b7557]
V  [jvm.dll+0x3b8fe1]
C  [jli.dll+0x52fb]
C  [ucrtbase.dll+0x21bb2]
C  [KERNEL32.DLL+0x17034]
C  [ntdll.dll+0x52651]


---------------  P R O C E S S  ---------------

Threads class SMR info:
_java_thread_list=0x00007ffdf4534ff0, length=0, elements={
}

Java Threads: ( => current thread )

Other Threads:
  0x000002209bedd360 GCTaskThread "GC Thread#0" [stack: 0x000000d8fef00000,0x000000d8ff000000] [id=9940]
  0x000002209beef100 ConcurrentGCThread "G1 Main Marker" [stack: 0x000000d8ff000000,0x000000d8ff100000] [id=11780]
  0x000002209bef0390 ConcurrentGCThread "G1 Conc#0" [stack: 0x000000d8ff100000,0x000000d8ff200000] [id=11184]

[error occurred during error reporting (printing all threads), id 0xc0000005, EXCEPTION_ACCESS_VIOLATION (0xc0000005) at pc=0x00007ffdf3d27e27]

VM state: not at safepoint (not fully initialized)

VM Mutex/Monitor currently owned by a thread:  ([mutex/lock_event])
[0x000002209be9acf0] Heap_lock - owner thread: 0x000002209be9df90

Heap address: 0x0000000081600000, size: 2026 MB, Compressed Oops mode: 32-bit
CDS archive(s) mapped at: [0x0000000000000000-0x0000000000000000-0x0000000000000000), size 0, SharedBaseAddress: 0x0000000800000000, ArchiveRelocationMode: 0.
Narrow klass base: 0x0000000000000000, Narrow klass shift: 0, Narrow klass range: 0x0

Heap:
 garbage-first heap   total 131072K, used 0K [0x0000000081600000, 0x0000000100000000)
  region size 1024K, 0 young (0K), 0 survivors (0K)
 Metaspace       used 0K, capacity 0K, committed 0K, reserved 0K
  class space    used 0K, capacity 0K, committed 0K, reserved 0K

Heap Regions: E=young(eden), S=young(survivor), O=old, HS=humongous(starts), HC=humongous(continues), CS=collection set, F=free, OA=open archive, CA=closed archive, TAMS=top-at-mark-start (previous, next)

Card table byte_map: [0x00000220b34d0000,0x00000220b38d0000] _byte_map_base: 0x00000220b30c5000

Marking Bits (Prev, Next): (CMBitMap*) 0x000002209bedea60, (CMBitMap*) 0x000002209bedeaa0
 Prev Bits: [0x00000220b3cd0000, 0x00000220b5c78000)
 Next Bits: [0x00000220b5c80000, 0x00000220b7c28000)

GC Heap History (0 events):
No events

Deoptimization events (0 events):
No events

Classes unloaded (0 events):
No events

Classes redefined (0 events):
No events

Internal exceptions (0 events):
No events

Events (1 events):
Event: 0.010 Loaded shared library C:\Program Files\Java\jdk-15.0.2\bin\java.dll


Dynamic libraries:
0x00007ff773a40000 - 0x00007ff773a4f000 	C:\Program Files\Java\jdk-15.0.2\bin\java.exe
0x00007ffe335d0000 - 0x00007ffe337c5000 	C:\WINDOWS\SYSTEM32\ntdll.dll
0x00007ffe31c60000 - 0x00007ffe31d1e000 	C:\WINDOWS\System32\KERNEL32.DLL
0x00007ffe30f50000 - 0x00007ffe31219000 	C:\WINDOWS\System32\KERNELBASE.dll
0x00007ffe30cf0000 - 0x00007ffe30df0000 	C:\WINDOWS\System32\ucrtbase.dll
0x00007ffe29810000 - 0x00007ffe29829000 	C:\Program Files\Java\jdk-15.0.2\bin\VCRUNTIME140.dll
0x00007ffe1a8c0000 - 0x00007ffe1a8d8000 	C:\Program Files\Java\jdk-15.0.2\bin\jli.dll
0x00007ffe32e60000 - 0x00007ffe32f0c000 	C:\WINDOWS\System32\ADVAPI32.dll
0x00007ffe31a60000 - 0x00007ffe31afe000 	C:\WINDOWS\System32\msvcrt.dll
0x00007ffe32d90000 - 0x00007ffe32e2b000 	C:\WINDOWS\System32\sechost.dll
0x00007ffe31920000 - 0x00007ffe31a4a000 	C:\WINDOWS\System32\RPCRT4.dll
0x00007ffe31770000 - 0x00007ffe31911000 	C:\WINDOWS\System32\USER32.dll
0x00007ffe315f0000 - 0x00007ffe31612000 	C:\WINDOWS\System32\win32u.dll
0x00007ffe29130000 - 0x00007ffe293ca000 	C:\WINDOWS\WinSxS\amd64_microsoft.windows.common-controls_6595b64144ccf1df_6.0.19041.1110_none_60b5254171f9507e\COMCTL32.dll
0x00007ffe32e30000 - 0x00007ffe32e5b000 	C:\WINDOWS\System32\GDI32.dll
0x00007ffe31490000 - 0x00007ffe3159b000 	C:\WINDOWS\System32\gdi32full.dll
0x00007ffe31330000 - 0x00007ffe313cd000 	C:\WINDOWS\System32\msvcp_win.dll
0x00007ffe2b820000 - 0x00007ffe2b82a000 	C:\WINDOWS\SYSTEM32\VERSION.dll
0x00007ffe33560000 - 0x00007ffe33590000 	C:\WINDOWS\System32\IMM32.DLL
0x00007ffe29e50000 - 0x00007ffe29e5c000 	C:\Program Files\Java\jdk-15.0.2\bin\vcruntime140_1.dll
0x00007ffe1ad00000 - 0x00007ffe1ad91000 	C:\Program Files\Java\jdk-15.0.2\bin\msvcp140.dll
0x00007ffdf3a70000 - 0x00007ffdf45ce000 	C:\Program Files\Java\jdk-15.0.2\bin\server\jvm.dll
0x00007ffe32b90000 - 0x00007ffe32b98000 	C:\WINDOWS\System32\PSAPI.DLL
0x00007ffe2d010000 - 0x00007ffe2d019000 	C:\WINDOWS\SYSTEM32\WSOCK32.dll
0x00007ffe0b060000 - 0x00007ffe0b087000 	C:\WINDOWS\SYSTEM32\WINMM.dll
0x00007ffe32ba0000 - 0x00007ffe32c0b000 	C:\WINDOWS\System32\WS2_32.dll
0x00007ffe2f5c0000 - 0x00007ffe2f5d2000 	C:\WINDOWS\SYSTEM32\kernel.appcore.dll
0x00007ffe29e30000 - 0x00007ffe29e3a000 	C:\Program Files\Java\jdk-15.0.2\bin\jimage.dll
0x00007ffe2f2d0000 - 0x00007ffe2f4b4000 	C:\WINDOWS\SYSTEM32\DBGHELP.DLL
0x00007ffe2ab60000 - 0x00007ffe2ab8c000 	C:\WINDOWS\SYSTEM32\dbgcore.DLL
0x00007ffe313d0000 - 0x00007ffe31453000 	C:\WINDOWS\System32\bcryptPrimitives.dll
0x00007ffe297a0000 - 0x00007ffe297c5000 	C:\Program Files\Java\jdk-15.0.2\bin\java.dll

dbghelp: loaded successfully - version: 4.0.5 - missing functions: none
symbol engine: initialized successfully - sym options: 0x614 - pdb path: .;C:\Program Files\Java\jdk-15.0.2\bin;C:\WINDOWS\SYSTEM32;C:\WINDOWS\WinSxS\amd64_microsoft.windows.common-controls_6595b64144ccf1df_6.0.19041.1110_none_60b5254171f9507e;C:\Program Files\Java\jdk-15.0.2\bin\server

VM Arguments:
jvm_args: -XX:TieredStopAtLevel=1 -Xverify:none -XX:TieredStopAtLevel=1 
java_command: com.game.g8.sa.reto3grupo8.Reto3grupo8Application
java_class_path (initial): C:\Cursos\JavaMisionTic\Retos\springBoogtG8\target\classes;C:\Users\JhonA\.m2\repository\org\springframework\spring-aop\5.3.10\spring-aop-5.3.10.jar;C:\Users\JhonA\.m2\repository\org\aspectj\aspectjweaver\1.9.7\aspectjweaver-1.9.7.jar;C:\Users\JhonA\.m2\repository\com\zaxxer\HikariCP\4.0.3\HikariCP-4.0.3.jar;C:\Users\JhonA\.m2\repository\org\springframework\spring-jdbc\5.3.10\spring-jdbc-5.3.10.jar;C:\Users\JhonA\.m2\repository\jakarta\transaction\jakarta.transaction-api\1.3.3\jakarta.transaction-api-1.3.3.jar;C:\Users\JhonA\.m2\repository\jakarta\persistence\jakarta.persistence-api\2.2.3\jakarta.persistence-api-2.2.3.jar;C:\Users\JhonA\.m2\repository\org\hibernate\hibernate-core\5.4.32.Final\hibernate-core-5.4.32.Final.jar;C:\Users\JhonA\.m2\repository\org\jboss\logging\jboss-logging\3.4.2.Final\jboss-logging-3.4.2.Final.jar;C:\Users\JhonA\.m2\repository\org\javassist\javassist\3.27.0-GA\javassist-3.27.0-GA.jar;C:\Users\JhonA\.m2\repository\net\bytebuddy\byte-buddy\1.10.22\byte-buddy-1.10.22.jar;C:\Users\JhonA\.m2\repository\antlr\antlr\2.7.7\antlr-2.7.7.jar;C:\Users\JhonA\.m2\repository\org\jboss\jandex\2.2.3.Final\jandex-2.2.3.Final.jar;C:\Users\JhonA\.m2\repository\com\fasterxml\classmate\1.5.1\classmate-1.5.1.jar;C:\Users\JhonA\.m2\repository\org\dom4j\dom4j\2.1.3\dom4j-2.1.3.jar;C:\Users\JhonA\.m2\repository\org\hibernate\common\hibernate-commons-annotations\5.1.2.Final\hibernate-commons-annotations-5.1.2.Final.jar;C:\Users\JhonA\.m2\repository\org\glassfish\jaxb\jaxb-runtime\2.3.5\jaxb-runtime-2.3.5.jar;C:\Users\JhonA\.m2\repository\org\glassfish\jaxb\txw2\2.3.5\txw2-2.3.5.jar;C:\Users\JhonA\.m2\repository\com\sun\istack\istack-commons-runtime\3.0.12\istack-commons-runtime-3.0.12.jar;C:\Users\JhonA\.m2\repository\com\sun\activation\jakarta.activation\1.2.2\jakarta.activation-1.2.2.jar;C:\Users\JhonA\.m2\repository\org\springframework\data\spring-data-jpa\2.5.5\spring-data-jpa-2.5.5.jar;C:\Users\JhonA\.m2\repository\org\springframe
Launcher Type: SUN_STANDARD

[Global flags]
     intx CICompilerCount                          = 3                                         {product} {ergonomic}
     uint ConcGCThreads                            = 1                                         {product} {ergonomic}
     uint G1ConcRefinementThreads                  = 4                                         {product} {ergonomic}
   size_t G1HeapRegionSize                         = 1048576                                   {product} {ergonomic}
    uintx GCDrainStackTargetSize                   = 64                                        {product} {ergonomic}
   size_t InitialHeapSize                          = 134217728                                 {product} {ergonomic}
   size_t MarkStackSize                            = 4194304                                   {product} {ergonomic}
   size_t MaxHeapSize                              = 2124414976                                {product} {ergonomic}
   size_t MinHeapDeltaBytes                        = 1048576                                   {product} {ergonomic}
   size_t MinHeapSize                              = 8388608                                   {product} {ergonomic}
    uintx NonNMethodCodeHeapSize                   = 6973028                                {pd product} {ergonomic}
    uintx NonProfiledCodeHeapSize                  = 244685212                              {pd product} {ergonomic}
    uintx ProfiledCodeHeapSize                     = 0                                      {pd product} {ergonomic}
    uintx ReservedCodeCacheSize                    = 251658240                              {pd product} {ergonomic}
     bool SegmentedCodeCache                       = true                                      {product} {ergonomic}
   size_t SoftMaxHeapSize                          = 2124414976                             {manageable} {ergonomic}
     intx TieredStopAtLevel                        = 1                                         {product} {command line}
     bool UseCompressedClassPointers               = true                                 {lp64_product} {ergonomic}
     bool UseCompressedOops                        = true                                 {lp64_product} {ergonomic}
     bool UseG1GC                                  = true                                      {product} {ergonomic}
     bool UseLargePagesIndividualAllocation        = false                                  {pd product} {ergonomic}

Logging:
Log output configuration:
 #0: stdout all=warning uptime,level,tags
 #1: stderr all=off uptime,level,tags

Environment Variables:
JAVA_HOME=C:\Program Files\Java\jdk-15.0.2
PATH=C:\Program Files\Common Files\Oracle\Java\javapath;C:\Program Files (x86)\Intel\Intel(R) Management Engine Components\iCLS\;C:\Program Files\Intel\Intel(R) Management Engine Components\iCLS\;C:\WINDOWS\system32;C:\WINDOWS;C:\WINDOWS\System32\Wbem;C:\WINDOWS\System32\WindowsPowerShell\v1.0\;C:\WINDOWS\System32\OpenSSH\;C:\Program Files (x86)\Intel\Intel(R) Management Engine Components\DAL;C:\Program Files\Intel\Intel(R) Management Engine Components\DAL;C:\ProgramData\chocolatey\bin;C:\Program Files\Git\cmd;C:\Users\JhonA\AppData\Local\Microsoft\WindowsApps;C:\Users\JhonA\AppData\Local\Programs\Microsoft VS Code\bin;C:\Program Files\MySQL\MySQL Server 8.0\bin;
USERNAME=JhonA
OS=Windows_NT
PROCESSOR_IDENTIFIER=Intel64 Family 6 Model 142 Stepping 10, GenuineIntel



---------------  S Y S T E M  ---------------

OS:
 Windows 10 , 64 bit Build 19041 (10.0.19041.1202)
OS uptime: 1 days 12:57 hours

CPU: total 4 (initial active 4) (2 cores per cpu, 2 threads per core) family 6 model 142 stepping 10 microcode 0xb4, cmov, cx8, fxsr, mmx, sse, sse2, sse3, ssse3, sse4.1, sse4.2, popcnt, vzeroupper, avx, avx2, aes, clmul, erms, 3dnowpref, lzcnt, ht, tsc, tscinvbit, bmi1, bmi2, adx, fma, clflush, clflushopt

Memory: 4k page, system-wide physical 8101M (225M free)
TotalPageFile size 8101M (AvailPageFile size 68M)
current process WorkingSet (physical memory assigned to process): 10M, peak: 10M
current process commit charge ("private bytes"): 49M, peak: 177M

vm_info: Java HotSpot(TM) 64-Bit Server VM (15.0.2+7-27) for windows-amd64 JRE (15.0.2+7-27), built on Dec  7 2020 20:07:01 by "mach5one" with unknown MS VC++:1925

END.
